[    0.000000] Initializing cgroup subsys cpuset
[    0.000000] Initializing cgroup subsys cpu
[    0.000000] Initializing cgroup subsys cpuacct
[    0.000000] Linux version 4.4.0-210-generic (buildd@lgw01-amd64-009) (gcc version 5.4.0 20160609 (Ubuntu 5.4.0-6ubuntu1~16.04.12) ) #242-Ubuntu SMP Fri Apr 16 09:57:56 UTC 2021 (Ubuntu 4.4.0-210.242-generic 4.4.262)
[    0.000000] Command line: BOOT_IMAGE=/boot/vmlinuz-4.4.0-210-generic root=LABEL=cloudimg-rootfs ro console=tty1 console=ttyS0
[    0.000000] KERNEL supported cpus:
[    0.000000]   Intel GenuineIntel
[    0.000000]   AMD AuthenticAMD
[    0.000000]   Centaur CentaurHauls
[    0.000000] x86/fpu: Legacy x87 FPU detected.
[    0.000000] e820: BIOS-provided physical RAM map:
[    0.000000] BIOS-e820: [mem 0x0000000000000000-0x000000000009fbff] usable
[    0.000000] BIOS-e820: [mem 0x000000000009fc00-0x000000000009ffff] reserved
[    0.000000] BIOS-e820: [mem 0x00000000000f0000-0x00000000000fffff] reserved
[    0.000000] BIOS-e820: [mem 0x0000000000100000-0x000000003ffeffff] usable
[    0.000000] BIOS-e820: [mem 0x000000003fff0000-0x000000003fffffff] ACPI data
[    0.000000] BIOS-e820: [mem 0x00000000fec00000-0x00000000fec00fff] reserved
[    0.000000] BIOS-e820: [mem 0x00000000fee00000-0x00000000fee00fff] reserved
[    0.000000] BIOS-e820: [mem 0x00000000fffc0000-0x00000000ffffffff] reserved
[    0.000000] NX (Execute Disable) protection: active
[    0.000000] SMBIOS 2.5 present.
[    0.000000] Hypervisor detected: KVM
[    0.000000] Kernel/User page tables isolation: disabled
[    0.000000] e820: last_pfn = 0x3fff0 max_arch_pfn = 0x400000000
[    0.000000] MTRR: Disabled
[    0.000000] x86/PAT: MTRRs disabled, skipping PAT initialization too.
[    0.000000] CPU MTRRs all blank - virtualized system.
[    0.000000] x86/PAT: Configuration [0-7]: WB  WT  UC- UC  WB  WT  UC- UC  
[    0.000000] found SMP MP-table at [mem 0x0009fff0-0x0009ffff] mapped at [ffff88000009fff0]
[    0.000000] Scanning 1 areas for low memory corruption
[    0.000000] RAMDISK: [mem 0x362dc000-0x37165fff]
[    0.000000] ACPI: Early table checksum verification disabled
[    0.000000] ACPI: RSDP 0x00000000000E0000 000024 (v02 VBOX  )
[    0.000000] ACPI: XSDT 0x000000003FFF0030 00003C (v01 VBOX   VBOXXSDT 00000001 ASL  00000061)
[    0.000000] ACPI: FACP 0x000000003FFF00F0 0000F4 (v04 VBOX   VBOXFACP 00000001 ASL  00000061)
[    0.000000] ACPI: DSDT 0x000000003FFF0610 002353 (v02 VBOX   VBOXBIOS 00000002 INTL 20100528)
[    0.000000] ACPI: FACS 0x000000003FFF0200 000040
[    0.000000] ACPI: FACS 0x000000003FFF0200 000040
[    0.000000] ACPI: APIC 0x000000003FFF0240 00005C (v02 VBOX   VBOXAPIC 00000001 ASL  00000061)
[    0.000000] ACPI: SSDT 0x000000003FFF02A0 00036C (v01 VBOX   VBOXCPUT 00000002 INTL 20100528)
[    0.000000] No NUMA configuration found
[    0.000000] Faking a node at [mem 0x0000000000000000-0x000000003ffeffff]
[    0.000000] NODE_DATA(0) allocated [mem 0x3ffeb000-0x3ffeffff]
[    0.000000] kvm-clock: Using msrs 4b564d01 and 4b564d00
[    0.000000] kvm-clock: cpu 0, msr 0:3ffe3001, primary cpu clock
[    0.000000] kvm-clock: using sched offset of 3676509609 cycles
[    0.000000] clocksource: kvm-clock: mask: 0xffffffffffffffff max_cycles: 0x1cd42e4dffb, max_idle_ns: 881590591483 ns
[    0.000000] Zone ranges:
[    0.000000]   DMA      [mem 0x0000000000001000-0x0000000000ffffff]
[    0.000000]   DMA32    [mem 0x0000000001000000-0x000000003ffeffff]
[    0.000000]   Normal   empty
[    0.000000]   Device   empty
[    0.000000] Movable zone start for each node
[    0.000000] Early memory node ranges
[    0.000000]   node   0: [mem 0x0000000000001000-0x000000000009efff]
[    0.000000]   node   0: [mem 0x0000000000100000-0x000000003ffeffff]
[    0.000000] Initmem setup node 0 [mem 0x0000000000001000-0x000000003ffeffff]
[    0.000000] ACPI: PM-Timer IO Port: 0x4008
[    0.000000] IOAPIC[0]: apic_id 2, version 32, address 0xfec00000, GSI 0-23
[    0.000000] ACPI: INT_SRC_OVR (bus 0 bus_irq 0 global_irq 2 dfl dfl)
[    0.000000] ACPI: INT_SRC_OVR (bus 0 bus_irq 9 global_irq 9 low level)
[    0.000000] Using ACPI (MADT) for SMP configuration information
[    0.000000] smpboot: Allowing 2 CPUs, 0 hotplug CPUs
[    0.000000] PM: Registered nosave memory: [mem 0x00000000-0x00000fff]
[    0.000000] PM: Registered nosave memory: [mem 0x0009f000-0x0009ffff]
[    0.000000] PM: Registered nosave memory: [mem 0x000a0000-0x000effff]
[    0.000000] PM: Registered nosave memory: [mem 0x000f0000-0x000fffff]
[    0.000000] e820: [mem 0x40000000-0xfebfffff] available for PCI devices
[    0.000000] Booting paravirtualized kernel on KVM
[    0.000000] clocksource: refined-jiffies: mask: 0xffffffff max_cycles: 0xffffffff, max_idle_ns: 7645519600211568 ns
[    0.000000] setup_percpu: NR_CPUS:512 nr_cpumask_bits:512 nr_cpu_ids:2 nr_node_ids:1
[    0.000000] PERCPU: Embedded 33 pages/cpu @ffff88003fc00000 s95192 r8192 d31784 u1048576
[    0.000000] Built 1 zonelists in Node order, mobility grouping on.  Total pages: 257912
[    0.000000] Policy zone: DMA32
[    0.000000] Kernel command line: BOOT_IMAGE=/boot/vmlinuz-4.4.0-210-generic root=LABEL=cloudimg-rootfs ro console=tty1 console=ttyS0
[    0.000000] PID hash table entries: 4096 (order: 3, 32768 bytes)
[    0.000000] Memory: 997792K/1048120K available (8644K kernel code, 1332K rwdata, 4044K rodata, 1492K init, 1164K bss, 50328K reserved, 0K cma-reserved)
[    0.000000] SLUB: HWalign=64, Order=0-3, MinObjects=0, CPUs=2, Nodes=1
[    0.000000] Hierarchical RCU implementation.
[    0.000000] 	Build-time adjustment of leaf fanout to 64.
[    0.000000] 	RCU restricting CPUs from NR_CPUS=512 to nr_cpu_ids=2.
[    0.000000] RCU: Adjusting geometry for rcu_fanout_leaf=64, nr_cpu_ids=2
[    0.000000] NR_IRQS:33024 nr_irqs:440 16
[    0.000000] Console: colour VGA+ 80x25
[    0.000000] console [tty1] enabled
[    0.000000] console [ttyS0] enabled
[    0.000000] tsc: Detected 1992.005 MHz processor
[    0.644132] Calibrating delay loop (skipped) preset value.. 3984.01 BogoMIPS (lpj=7968020)
[    0.653132] pid_max: default: 32768 minimum: 301
[    0.657825] ACPI: Core revision 20150930
[    0.663618] ACPI: 2 ACPI AML tables successfully acquired and loaded
[    0.671369] Security Framework initialized
[    0.674643] Yama: becoming mindful.
[    0.679151] AppArmor: AppArmor initialized
[    0.685823] Dentry cache hash table entries: 131072 (order: 8, 1048576 bytes)
[    0.699944] Inode-cache hash table entries: 65536 (order: 7, 524288 bytes)
[    0.710565] Mount-cache hash table entries: 2048 (order: 2, 16384 bytes)
[    0.727948] Mountpoint-cache hash table entries: 2048 (order: 2, 16384 bytes)
[    0.739535] Initializing cgroup subsys io
[    0.748497] Initializing cgroup subsys memory
[    0.757793] Initializing cgroup subsys devices
[    0.765503] Initializing cgroup subsys freezer
[    0.774482] Initializing cgroup subsys net_cls
[    0.784704] Initializing cgroup subsys perf_event
[    0.794896] Initializing cgroup subsys net_prio
[    0.806754] Initializing cgroup subsys hugetlb
[    0.815628] Initializing cgroup subsys pids
[    0.823611] mce: CPU supports 0 MCE banks
[    0.828918] Last level iTLB entries: 4KB 64, 2MB 8, 4MB 8
[    0.841548] Last level dTLB entries: 4KB 64, 2MB 0, 4MB 0, 1GB 4
[    0.852938] Spectre V1 : Mitigation: usercopy/swapgs barriers and __user pointer sanitization
[    0.864447] Spectre V2 : Mitigation: Enhanced IBRS
[    0.870395] Spectre V2 : Spectre v2 / SpectreRSB mitigation: Filling RSB on context switch
[    0.883402] Speculative Store Bypass: Vulnerable
[    0.893282] SRBDS: Mitigation: TSX disabled
[    0.937584] Freeing SMP alternatives memory: 36K
[    1.019045] ftrace: allocating 32380 entries in 127 pages
[    1.492440] smpboot: APIC(0) Converting physical 0 to logical package 0
[    1.500577] smpboot: Max logical packages: 1
[    1.518571] ..TIMER: vector=0x30 apic1=0 pin1=2 apic2=-1 pin2=-1
[    1.633740] APIC calibration not consistent with PM-Timer: 102ms instead of 100ms
[    1.640750] APIC delta adjusted to PM-Timer: 6258877 (6422066)
[    1.645014] smpboot: CPU0: Intel(R) Core(TM) i7-8565U CPU @ 1.80GHz (family: 0x6, model: 0x8e, stepping: 0xc)
[    1.652106] Performance Events: unsupported p6 CPU model 142 no PMU driver, software events only.
[    1.728177] KVM setup paravirtual spinlock
[    1.734441] x86: Booting SMP configuration:
[    1.738124] .... node  #0, CPUs:      #1
[    1.743089] kvm-clock: cpu 1, msr 0:3ffe3041, secondary cpu clock
[    1.751192] mce: CPU supports 0 MCE banks
[    1.755858] TSC synchronization [CPU#0 -> CPU#1]:
[    1.759423] Measured 45052 cycles TSC warp between CPUs, turning off TSC clock.
[    1.765327] tsc: Marking TSC unstable due to check_tsc_sync_source failed
[    0.489695] x86: Booted up 1 node, 2 CPUs
[    0.492003] smpboot: Total of 2 processors activated (7968.02 BogoMIPS)
[    0.500083] devtmpfs: initialized
[    0.505990] evm: security.selinux
[    0.508005] evm: security.SMACK64
[    0.512002] evm: security.SMACK64EXEC
[    0.515427] evm: security.SMACK64TRANSMUTE
[    0.516002] evm: security.SMACK64MMAP
[    0.520004] evm: security.ima
[    0.524003] evm: security.capability
[    0.528256] clocksource: jiffies: mask: 0xffffffff max_cycles: 0xffffffff, max_idle_ns: 7645041785100000 ns
[    0.532011] futex hash table entries: 512 (order: 3, 32768 bytes)
[    0.536311] pinctrl core: initialized pinctrl subsystem
[    0.540287] RTC time: 13:27:28, date: 03/20/23
[    0.548306] NET: Registered protocol family 16
[    0.564026] cpuidle: using governor ladder
[    0.580006] cpuidle: using governor menu
[    0.584000] PCCT header not found.
[    0.584179] ACPI: bus type PCI registered
[    0.588006] acpiphp: ACPI Hot Plug PCI Controller Driver version: 0.5
[    0.592417] PCI: Using configuration type 1 for base access
[    0.616422] ACPI: Added _OSI(Module Device)
[    0.620004] ACPI: Added _OSI(Processor Device)
[    0.624002] ACPI: Added _OSI(3.0 _SCP Extensions)
[    0.628005] ACPI: Added _OSI(Processor Aggregator Device)
[    0.633024] ACPI: Executed 1 blocks of module-level executable AML code
[    0.642183] ACPI: Interpreter enabled
[    0.644009] ACPI: (supports S0 S5)
[    0.646714] ACPI: Using IOAPIC for interrupt routing
[    0.648291] PCI: Using host bridge windows from ACPI; if necessary, use "pci=nocrs" and report a bug
[    0.659302] ACPI: PCI Root Bridge [PCI0] (domain 0000 [bus 00-ff])
[    0.660026] acpi PNP0A03:00: _OSC: OS supports [ASPM ClockPM Segments MSI]
[    0.664594] acpi PNP0A03:00: _OSC: not requesting OS control; OS requires [ExtendedConfig ASPM ClockPM MSI]
[    0.668017] acpi PNP0A03:00: fail to add MMCONFIG information, can't access extended PCI configuration space under this bridge.
[    0.672554] PCI host bridge to bus 0000:00
[    0.676004] pci_bus 0000:00: root bus resource [io  0x0000-0x0cf7 window]
[    0.680008] pci_bus 0000:00: root bus resource [io  0x0d00-0xffff window]
[    0.684006] pci_bus 0000:00: root bus resource [mem 0x000a0000-0x000bffff window]
[    0.688005] pci_bus 0000:00: root bus resource [mem 0x40000000-0xfdffffff window]
[    0.692028] pci_bus 0000:00: root bus resource [bus 00-ff]
[    0.701537] pci 0000:00:01.1: legacy IDE quirk: reg 0x10: [io  0x01f0-0x01f7]
[    0.704007] pci 0000:00:01.1: legacy IDE quirk: reg 0x14: [io  0x03f6]
[    0.708005] pci 0000:00:01.1: legacy IDE quirk: reg 0x18: [io  0x0170-0x0177]
[    0.712003] pci 0000:00:01.1: legacy IDE quirk: reg 0x1c: [io  0x0376]
[    0.737594] pci 0000:00:07.0: quirk: [io  0x4000-0x403f] claimed by PIIX4 ACPI
[    0.740085] pci 0000:00:07.0: quirk: [io  0x4100-0x410f] claimed by PIIX4 SMB
[    0.750325] ACPI: PCI Interrupt Link [LNKA] (IRQs 5 9 10 *11)
[    0.759213] ACPI: PCI Interrupt Link [LNKB] (IRQs 5 9 *10 11)
[    0.762735] ACPI: PCI Interrupt Link [LNKC] (IRQs 5 *9 10 11)
[    0.770956] ACPI: PCI Interrupt Link [LNKD] (IRQs 5 9 10 *11)
[    0.776608] ACPI: Enabled 2 GPEs in block 00 to 07
[    0.780230] vgaarb: setting as boot device: PCI:0000:00:02.0
[    0.784000] vgaarb: device added: PCI:0000:00:02.0,decodes=io+mem,owns=io+mem,locks=none
[    0.784006] vgaarb: loaded
[    0.788003] vgaarb: bridge control possible 0000:00:02.0
[    0.792341] SCSI subsystem initialized
[    0.796170] ACPI: bus type USB registered
[    0.800032] usbcore: registered new interface driver usbfs
[    0.804062] usbcore: registered new interface driver hub
[    0.808012] usbcore: registered new device driver usb
[    0.812368] PCI: Using ACPI for IRQ routing
[    0.816602] NetLabel: Initializing
[    0.820002] NetLabel:  domain hash size = 128
[    0.824002] NetLabel:  protocols = UNLABELED CIPSOv4
[    0.828016] NetLabel:  unlabeled traffic allowed by default
[    0.832125] amd_nb: Cannot enumerate AMD northbridges
[    0.840006] clocksource: Switched to clocksource kvm-clock
[    0.849040] AppArmor: AppArmor Filesystem Enabled
[    0.849040] pnp: PnP ACPI init
[    0.849040] pnp: PnP ACPI: found 3 devices
[    0.918542] clocksource: acpi_pm: mask: 0xffffff max_cycles: 0xffffff, max_idle_ns: 2085701024 ns
[    0.920683] NET: Registered protocol family 2
[    0.930598] TCP established hash table entries: 8192 (order: 4, 65536 bytes)
[    0.936665] TCP bind hash table entries: 8192 (order: 5, 131072 bytes)
[    0.940445] TCP: Hash tables configured (established 8192 bind 8192)
[    0.940445] UDP hash table entries: 512 (order: 2, 16384 bytes)
[    0.940445] UDP-Lite hash table entries: 512 (order: 2, 16384 bytes)
[    0.940445] NET: Registered protocol family 1
[    0.940445] pci 0000:00:00.0: Limiting direct PCI/PCI transfers
[    0.940445] pci 0000:00:01.0: Activating ISA DMA hang workarounds
[    0.940445] Unpacking initramfs...
[    1.292599] Freeing initrd memory: 14888K
[    1.300844] clocksource: tsc: mask: 0xffffffffffffffff max_cycles: 0x396d5b41a85, max_idle_ns: 881590480540 ns
[    1.313439] platform rtc_cmos: registered platform RTC device (no PNP device found)
[    1.321631] Scanning for low memory corruption every 60 seconds
[    1.327374] audit: initializing netlink subsys (disabled)
[    1.333502] audit: type=2000 audit(1679318853.197:1): initialized
[    1.339462] Initialise system trusted keyring
[    1.344386] HugeTLB registered 2 MB page size, pre-allocated 0 pages
[    1.352816] zbud: loaded
[    1.357385] VFS: Disk quotas dquot_6.6.0
[    1.361138] VFS: Dquot-cache hash table entries: 512 (order 0, 4096 bytes)
[    1.367501] squashfs: version 4.0 (2009/01/31) Phillip Lougher
[    1.376298] fuse init (API version 7.23)
[    1.381747] Key type big_key registered
[    1.386894] Allocating IMA MOK and blacklist keyrings.
[    1.399520] Key type asymmetric registered
[    1.405801] Asymmetric key parser 'x509' registered
[    1.410892] Block layer SCSI generic (bsg) driver version 0.4 loaded (major 249)
[    1.419483] io scheduler noop registered
[    1.423250] io scheduler deadline registered (default)
[    1.427931] io scheduler cfq registered
[    1.431613] pci_hotplug: PCI Hot Plug PCI Core version: 0.5
[    1.438569] pciehp: PCI Express Hot Plug Controller Driver version: 0.4
[    1.444445] ACPI: AC Adapter [AC] (on-line)
[    1.449819] input: Power Button as /devices/LNXSYSTM:00/LNXPWRBN:00/input/input0
[    1.458779] ACPI: Power Button [PWRF]
[    1.463836] input: Sleep Button as /devices/LNXSYSTM:00/LNXSLPBN:00/input/input1
[    1.471613] ACPI: Sleep Button [SLPF]
[    1.477726] GHES: HEST is not enabled!
[    1.479413] ACPI: Battery Slot [BAT0] (battery present)
[    1.489221] Serial: 8250/16550 driver, 32 ports, IRQ sharing enabled
[    1.522839] 00:02: ttyS0 at I/O 0x3f8 (irq = 4, base_baud = 115200) is a 16550A
[    1.533474] Linux agpgart interface v0.103
[    1.547384] loop: module loaded
[    1.555615] scsi host0: ata_piix
[    1.561763] scsi host1: ata_piix
[    1.565861] ata1: PATA max UDMA/33 cmd 0x1f0 ctl 0x3f6 bmdma 0xd000 irq 14
[    1.572980] ata2: PATA max UDMA/33 cmd 0x170 ctl 0x376 bmdma 0xd008 irq 15
[    1.580677] libphy: Fixed MDIO Bus: probed
[    1.586466] tun: Universal TUN/TAP device driver, 1.6
[    1.591950] tun: (C) 1999-2004 Max Krasnyansky <maxk@qualcomm.com>
[    1.598571] PPP generic driver version 2.4.2
[    1.605553] ehci_hcd: USB 2.0 'Enhanced' Host Controller (EHCI) Driver
[    1.611812] ehci-pci: EHCI PCI platform driver
[    1.615847] ehci-platform: EHCI generic platform driver
[    1.622644] ohci_hcd: USB 1.1 'Open' Host Controller (OHCI) Driver
[    1.628391] ohci-pci: OHCI PCI platform driver
[    1.631768] ohci-platform: OHCI generic platform driver
[    1.638337] uhci_hcd: USB Universal Host Controller Interface driver
[    1.643532] i8042: PNP: PS/2 Controller [PNP0303:PS2K,PNP0f03:PS2M] at 0x60,0x64 irq 1,12
[    1.655308] serio: i8042 KBD port at 0x60,0x64 irq 1
[    1.660371] serio: i8042 AUX port at 0x60,0x64 irq 12
[    1.664862] mousedev: PS/2 mouse device common for all mice
[    1.673083] input: AT Translated Set 2 keyboard as /devices/platform/i8042/serio0/input/input2
[    1.690859] rtc_cmos rtc_cmos: rtc core: registered rtc_cmos as rtc0
[    1.697164] rtc_cmos rtc_cmos: alarms up to one day, 114 bytes nvram
[    1.702817] i2c /dev entries driver
[    1.706032] device-mapper: uevent: version 1.0.3
[    1.711685] device-mapper: ioctl: 4.34.0-ioctl (2015-10-28) initialised: dm-devel@redhat.com
[    1.720547] ledtrig-cpu: registered to indicate activity on CPUs
[    1.727465] NET: Registered protocol family 10
[    1.733568] NET: Registered protocol family 17
[    1.738637] Key type dns_resolver registered
[    1.742067] registered taskstats version 1
[    1.745343] Loading compiled-in X.509 certificates
[    1.749604] Loaded X.509 cert 'Build time autogenerated kernel key: cf00e047681d67edb2720680708b7d9498083038'
[    1.761707] zswap: loaded using pool lzo/zbud
[    1.804446] Key type trusted registered
[    1.815808] Key type encrypted registered
[    1.821763] AppArmor: AppArmor sha1 policy hashing enabled
[    1.825983] ima: No TPM chip found, activating TPM-bypass!
[    1.830128] ima: Allocated hash algorithm: sha1
[    1.835038] evm: HMAC attrs: 0x1
[    1.839554]   Magic number: 15:787:483
[    1.844544] rtc_cmos rtc_cmos: setting system clock to 2023-03-20 13:27:29 UTC (1679318849)
[    1.851631] BIOS EDD facility v0.16 2004-Jun-25, 0 devices found
[    1.857437] EDD information not available.
[    1.863906] Freeing unused kernel memory: 1492K
[    1.868926] Write protecting the kernel read-only data: 14336k
[    1.874463] Freeing unused kernel memory: 1584K
[    1.879119] Freeing unused kernel memory: 52K
Loading, please wait...
starting version 229
[    1.910354] random: systemd-udevd: uninitialized urandom read (16 bytes read, 9 bits of entropy available)
[    1.910334] random: udevadm: uninitialized urandom read (16 bytes read, 9 bits of entropy available)
[    1.910347] random: udevadm: uninitialized urandom read (16 bytes read, 9 bits of entropy available)
[    1.922719] random: udevadm: uninitialized urandom read (16 bytes read, 9 bits of entropy available)
[    1.922752] random: udevadm: uninitialized urandom read (16 bytes read, 9 bits of entropy available)
[    1.922895] random: udevadm: uninitialized urandom read (16 bytes read, 9 bits of entropy available)
[    1.922990] random: udevadm: uninitialized urandom read (16 bytes read, 9 bits of entropy available)
[    1.923025] random: udevadm: uninitialized urandom read (16 bytes read, 9 bits of entropy available)
[    1.923058] random: udevadm: uninitialized urandom read (16 bytes read, 9 bits of entropy available)
[    1.923146] random: udevadm: uninitialized urandom read (16 bytes read, 9 bits of entropy available)
[    2.031897] e1000: Intel(R) PRO/1000 Network Driver - version 7.3.21-k8-NAPI
[    2.041796] e1000: Copyright (c) 1999-2006 Intel Corporation.
[    2.054840] Fusion MPT base driver 3.04.20
[    2.060416] Copyright (c) 1999-2008 LSI Corporation
[    2.096101] SSE version of gcm_enc/dec engaged.
[    2.115361] Fusion MPT SPI Host driver 3.04.20
[    2.292245] input: ImExPS/2 Generic Explorer Mouse as /devices/platform/i8042/serio1/input/input4
[    2.718854] e1000 0000:00:03.0 eth0: (PCI:33MHz:32-bit) 02:be:82:6b:cc:1d
[    2.724788] e1000 0000:00:03.0 eth0: Intel(R) PRO/1000 Network Connection
[    2.735424] e1000 0000:00:03.0 enp0s3: renamed from eth0
[    2.736756] mptbase: ioc0: Initiating bringup
[    2.824110] ioc0: LSI53C1030 A0: Capabilities={Initiator}
[    3.161851] scsi host2: ioc0: LSI53C1030 A0, FwRev=00000000h, Ports=1, MaxQ=256, IRQ=20
[    3.968623] scsi 2:0:0:0: Direct-Access     VBOX     HARDDISK         1.0  PQ: 0 ANSI: 5
[    3.985057] scsi target2:0:0: Beginning Domain Validation
[    4.000632] scsi target2:0:0: Domain Validation skipping write tests
[    4.007393] scsi target2:0:0: Ending Domain Validation
[    4.013062] scsi target2:0:0: asynchronous
[    4.020801] scsi 2:0:1:0: Direct-Access     VBOX     HARDDISK         1.0  PQ: 0 ANSI: 5
[    4.024748] scsi target2:0:1: Beginning Domain Validation
[    4.043307] scsi target2:0:1: Domain Validation skipping write tests
[    4.049807] scsi target2:0:1: Ending Domain Validation
[    4.054243] scsi target2:0:1: asynchronous
[    4.093586] sd 2:0:0:0: Attached scsi generic sg0 type 0
[    4.098562] sd 2:0:0:0: [sda] 83886080 512-byte logical blocks: (42.9 GB/40.0 GiB)
[    4.110446] sd 2:0:0:0: [sda] Write Protect is off
[    4.110616] sd 2:0:1:0: [sdb] 20480 512-byte logical blocks: (10.5 MB/10.0 MiB)
[    4.111801] sd 2:0:1:0: [sdb] Write Protect is off
[    4.112696] sd 2:0:1:0: [sdb] Incomplete mode parameter data
[    4.112696] sd 2:0:1:0: [sdb] Assuming drive cache: write through
[    4.120929] sd 2:0:1:0: Attached scsi generic sg1 type 0
[    4.124399] sd 2:0:1:0: [sdb] Attached SCSI disk
[    4.158021] sd 2:0:0:0: [sda] Incomplete mode parameter data
[    4.163878] sd 2:0:0:0: [sda] Assuming drive cache: write through
[    4.176401]  sda: sda1
[    4.185163] sd 2:0:0:0: [sda] Attached SCSI disk
Begin: Loading essential drivers ... [    5.834785] md: linear personality registered for level -1
[    5.846208] md: multipath personality registered for level -4
[    5.855853] md: raid0 personality registered for level 0
[    5.878501] md: raid1 personality registered for level 1
[    6.026605] raid6: sse2x1   gen() 24037 MB/s
[    7.024470] raid6: sse2x1   xor() 128183 MB/s
[    9.023851] raid6: sse2x2   gen() 260409 MB/s
[   11.019564] raid6: sse2x2   xor() 177564 MB/s
[   12.020113] raid6: sse2x4   gen() 286083 MB/s
[   12.095324] raid6: sse2x4   xor() 10770 MB/s
[   12.099902] raid6: using algorithm sse2x4 gen() 286083 MB/s
[   12.104992] raid6: .... xor() 10770 MB/s, rmw enabled
[   12.111322] raid6: using ssse3x2 recovery algorithm
[   12.118483] xor: measuring software checksum speed
[   12.160486]    prefetch64-sse: 23929.000 MB/sec
[   12.205574]    generic_sse: 19925.000 MB/sec
[   12.211334] xor: using function: prefetch64-sse (23929.000 MB/sec)
[   12.219262] async_tx: api initialized (async)
[   12.266950] md: raid6 personality registered for level 6
[   12.273919] md: raid5 personality registered for level 5
[   12.278388] md: raid4 personality registered for level 4
[   12.303732] md: raid10 personality registered for level 10
done.
Begin: Running /scripts/init-premount ... done.
Begin: Mounting root file system ... Begin: Running /scripts/local-top ... done.
Begin: Running /scripts/local-premount ... [   12.382609] Btrfs loaded
Scanning for Btrfs filesystems
done.
Warning: fsck not present, so skipping root file system
[   12.452679] EXT4-fs (sda1): mounted filesystem with ordered data mode. Opts: (null)
done.
Begin: Running /scripts/local-bottom ... done.
Begin: Running /scripts/init-bottom ... done.
[   12.687957] systemd[1]: systemd 229 running in system mode. (+PAM +AUDIT +SELINUX +IMA +APPARMOR +SMACK +SYSVINIT +UTMP +LIBCRYPTSETUP +GCRYPT +GNUTLS +ACL +XZ -LZ4 +SECCOMP +BLKID +ELFUTILS +KMOD -IDN)
[   12.702298] systemd[1]: Detected virtualization oracle.
[   12.708727] systemd[1]: Detected architecture x86-64.

Welcome to [1mUbuntu 16.04.7 LTS[0m!

[   12.724965] systemd[1]: Set hostname to <ubuntu-xenial>.
[   13.029570] systemd[1]: Reached target Swap.
[[0;32m  OK  [0m] Reached target Swap.
[   13.039473] systemd[1]: Reached target System Time Synchronized.
[[0;32m  OK  [0m] Reached target System Time Synchronized.
[   13.051236] systemd[1]: Listening on LVM2 metadata daemon socket.
[[0;32m  OK  [0m] Listening on LVM2 metadata daemon socket.
[   13.063128] systemd[1]: Reached target User and Group Name Lookups.
[[0;32m  OK  [0m] Reached target User and Group Name Lookups.
[   13.076117] systemd[1]: Set up automount Arbitrary Executable File Formats File System Automount Point.
[[0;32m  OK  [0m] Set up automount Arbitrary Executab...ats File System Automount Point.
[   13.090831] systemd[1]: Listening on fsck to fsckd communication Socket.
[[0;32m  OK  [0m] Listening on fsck to fsckd communication Socket.
[   13.101990] systemd[1]: Started Forward Password Requests to Wall Directory Watch.
[[0;32m  OK  [0m] Started Forward Password Requests to Wall Directory Watch.
[   13.115713] systemd[1]: Created slice System Slice.
[[0;32m  OK  [0m] Created slice System Slice.
[   13.126887] systemd[1]: Created slice system-serial\x2dgetty.slice.
[[0;32m  OK  [0m] Created slice system-serial\x2dgetty.slice.
[   13.141625] systemd[1]: Listening on Journal Audit Socket.
[[0;32m  OK  [0m] Listening on Journal Audit Socket.
[   13.153358] systemd[1]: Listening on LVM2 poll daemon socket.
[[0;32m  OK  [0m] Listening on LVM2 poll daemon socket.
[   13.165776] systemd[1]: Listening on Syslog Socket.
[[0;32m  OK  [0m] Listening on Syslog Socket.
[   13.176706] systemd[1]: Listening on Device-mapper event daemon FIFOs.
[[0;32m  OK  [0m] Listening on Device-mapper event daemon FIFOs.
[   13.188586] systemd[1]: Listening on Journal Socket.
[[0;32m  OK  [0m] Listening on Journal Socket.
[   13.213255] systemd[1]: Starting File System Check on Root Device...
         Starting File System Check on Root Device...
[   13.231136] systemd[1]: Starting Load Kernel Modules...
         Starting Load Kernel Modules...
[   13.253675] systemd[1]: Starting Set console keymap...
         Starting Set console keymap...
[   13.267932] systemd[1]: Starting Monitoring of LVM2 mirrors, snapshots etc. using dmeventd or progress polling...
[   13.281769] Loading iSCSI transport class v2.0-870.
[   13.288695] random: nonblocking pool is initialized
         Starting Monitoring of LVM2 mirrors... dmeventd or progress polling...
[   13.336758] systemd[1]: Mounting POSIX Message Queue File System...
[   13.344662] iscsi: registered transport (tcp)
         Mounting POSIX Message Queue File System...
[   13.361514] systemd[1]: Starting Create list of required static device nodes for the current kernel...
         Starting Create list of required st... nodes for the current kernel...
[   13.383232] systemd[1]: Starting Nameserver information manager...
         Starting Nameserver information manager...
[   13.397704] systemd[1]: Starting Uncomplicated firewall...
         Starting Uncomplicated firewall...
[   13.414667] systemd[1]: Listening on /dev/initctl Compatibility Named Pipe.
[[0;32m  OK  [0m] Listening on /dev/initctl Compatibility Named Pipe.
[   13.433561] systemd[1]: Created slice User and Session Slice.
[[0;32m  OK  [0m] Created slice User and Session Slice.
[   13.451824] ip_tables: (C) 2000-2006 Netfilter Core Team
[   13.460818] systemd[1]: Reached target Slices.
[[0;32m  OK  [0m] Reached target Slices.
[   13.473159] systemd[1]: Listening on Journal Socket (/dev/log).
[[0;32m  OK  [0m] Listening on Journal Socket (/dev/log).
[   13.506687] nf_conntrack version 0.5.0 (7936 buckets, 31744 max)
[   13.514962] iscsi: registered transport (iser)
[   13.524485] systemd[1]: Starting Journal Service...
         Starting Journal Service...
[   13.537504] systemd[1]: Mounting Huge Pages File System...
         Mounting Huge Pages File System...
[   13.553963] systemd[1]: Listening on udev Control Socket.
[[0;32m  OK  [0m] Listening on udev Control Socket.
[   13.581563] systemd[1]: Started Trigger resolvconf update for networkd DNS.
[[0;32m  OK  [0m] Started Trigger resolvconf update for networkd DNS.
[   13.594901] ip6_tables: (C) 2000-2006 Netfilter Core Team
[   13.595168] systemd[1]: Reached target Encrypted Volumes.
[[0;32m  OK  [0m] Reached target Encrypted Volumes.
[   13.628872] systemd[1]: Mounting Debug File System...
         Mounting Debug File System...
[   13.640002] systemd[1]: Listening on udev Kernel Socket.
[[0;32m  OK  [0m] Listening on udev Kernel Socket.
[   13.652670] systemd[1]: Mounted Huge Pages File System.
[[0;32m  OK  [0m] Mounted Huge Pages File System.
[   13.663584] systemd[1]: Mounted POSIX Message Queue File System.
[[0;32m  OK  [0m] Mounted POSIX Message Queue File System.
[   13.674367] systemd[1]: Mounted Debug File System.
[[0;32m  OK  [0m] Mounted Debug File System.
[   13.684378] systemd[1]: Started Journal Service.
[[0;32m  OK  [0m] Started Journal Service.
[[0;32m  OK  [0m] Started File System Check on Root Device.
[[0;32m  OK  [0m] Started Load Kernel Modules.
[[0;32m  OK  [0m] Started Set console keymap.
[[0;32m  OK  [0m] Started Create list of required sta...ce nodes for the current kernel.
[[0;32m  OK  [0m] Started LVM2 metadata daemon.
[[0;32m  OK  [0m] Started File System Check Daemon to report status.
         Starting Create Static Device Nodes in /dev...
         Starting Apply Kernel Variables...
         Mounting FUSE Control File System...
         Starting Remount Root and Kernel File Systems...
[[0;32m  OK  [0m] Mounted FUSE Control File System.
[[0;32m  OK  [0m] Started Nameserver information manager.
[[0;32m  OK  [0m] Started Create Static Device Nodes in /dev.
[[0;32m  OK  [0m] Started Apply Kernel Variables.
[[0;32m  OK  [0m] Started Remount Root and Kernel File Systems.
         Starting udev Coldplug all Devices...
         Starting Flush Journal to Persistent Storage...
         Starting Load/Save Random Seed...
         Starting udev Kernel Device Manager...
[[0;32m  OK  [0m] Started Flush Journal to Persistent Storage.
[[0;32m  OK  [0m] Started Load/Save Random Seed.
[[0;32m  OK  [0m] Started Uncomplicated firewall.
[[0;32m  OK  [0m] Started udev Kernel Device Manager.
[[0;32m  OK  [0m] Started Monitoring of LVM2 mirrors,...ng dmeventd or progress polling.
[[0;32m  OK  [0m] Reached target Local File Systems (Pre).
[[0;32m  OK  [0m] Reached target Local File Systems.
         Starting Initial cloud-init job (pre-networking)...
         Starting Create Volatile Files and Directories...
         Starting LSB: AppArmor initialization...
         Starting Set console font and keymap...
         Starting Tell Plymouth To Write Out Runtime Data...
[[0;32m  OK  [0m] Started udev Coldplug all Devices.
[[0;32m  OK  [0m] Started Dispatch Password Requests to Console Directory Watch.
[[0;32m  OK  [0m] Started Tell Plymouth To Write Out Runtime Data.
[[0;32m  OK  [0m] Started Create Volatile Files and Directories.
         Starting Update UTMP about System Boot/Shutdown...
[[0;32m  OK  [0m] Started Update UTMP about System Boot/Shutdown.
[[0;32m  OK  [0m] Started LSB: AppArmor initialization.
[[0;32m  OK  [0m] Found device /dev/ttyS0.
[[0;32m  OK  [0m] Listening on Load/Save RF Kill Switch Status /dev/rfkill Watch.
         Starting Load AppArmor profiles managed internally by snapd...
[[0;32m  OK  [0m] Started Load AppArmor profiles managed internally by snapd.
[[0;32m  OK  [0m] Found device 82540EM Gigabit Ethern...r (PRO/1000 MT Desktop Adapter).
[   16.118484] [[0;32m  OK  [0m] Started Initial cloud-init job (pre-networking).
[[0;32m  OK  [0m] Reached target Network (Pre).
cloud-init[557]: Cloud-init v. 21.1-19-gbad84ad4-0ubuntu1~16.04.2 running 'init-local' at Mon, 20 Mar 2023 13:27:43 +0000. Up 15.65 seconds.
[[0;32m  OK  [0m] Started ifup for enp0s3.
         Starting Raise network interfaces...
[[0;32m  OK  [0m] Started Set console font and keymap.
[[0;32m  OK  [0m] Created slice system-getty.slice.
[[0;32m  OK  [0m] Started Raise network interfaces.
[[0;32m  OK  [0m] Reached target Network.
         Starting Initial cloud-init job (metadata service crawler)...
[   17.403107] cloud-init[1047]: Cloud-init v. 21.1-19-gbad84ad4-0ubuntu1~16.04.2 running 'init' at Mon, 20 Mar 2023 13:27:44 +0000. Up 17.17 seconds.
[   17.410475] cloud-init[1047]: ci-info: ++++++++++++++++++++++++++++++++++++++Net device info++++++++++++++++++++++++++++++++++++++
[   17.416830] cloud-init[1047]: ci-info: +--------+------+----------------------------+---------------+--------+-------------------+
[   17.421870] cloud-init[1047]: ci-info: | Device |  Up  |          Address           |      Mask     | Scope  |     Hw-Address    |
[   17.430611] cloud-init[1047]: ci-info: +--------+------+----------------------------+---------------+--------+-------------------+
[   17.447698] cloud-init[1047]: ci-info: | enp0s3 | True |         10.0.2.15          | 255.255.255.0 | global | 02:be:82:6b:cc:1d |
[   17.455022] cloud-init[1047]: ci-info: | enp0s3 | True | fe80::be:82ff:fe6b:cc1d/64 |       .       |  link  | 02:be:82:6b:cc:1d |
[   17.460424] cloud-init[1047]: ci-info: |   lo   | True |         127.0.0.1          |   255.0.0.0   |  host  |         .         |
[   17.466726] cloud-init[1047]: ci-info: |   lo   | True |          ::1/128           |       .       |  host  |         .         |
[   17.474246] cloud-init[1047]: ci-info: +--------+------+----------------------------+---------------+--------+-------------------+
[   17.480045] cloud-init[1047]: ci-info: +++++++++++++++++++++++++++Route IPv4 info++++++++++++++++++++++++++++
[   17.485707] cloud-init[1047]: ci-info: +-------+-------------+----------+---------------+-----------+-------+
[   17.491237] cloud-init[1047]: ci-info: | Route | Destination | Gateway  |    Genmask    | Interface | Flags |
[   17.496761] cloud-init[1047]: ci-info: +-------+-------------+----------+---------------+-----------+-------+
[   17.501318] cloud-init[1047]: ci-info: |   0   |   0.0.0.0   | 10.0.2.2 |    0.0.0.0    |   enp0s3  |   UG  |
[   17.506186] cloud-init[1047]: ci-info: |   1   |   10.0.2.0  | 0.0.0.0  | 255.255.255.0 |   enp0s3  |   U   |
[   17.510880] cloud-init[1047]: ci-info: +-------+-------------+----------+---------------+-----------+-------+
[   17.515971] cloud-init[1047]: ci-info: +++++++++++++++++++Route IPv6 info+++++++++++++++++++
[   17.520208] cloud-init[1047]: ci-info: +-------+-------------+---------+-----------+-------+
[   17.524777] cloud-init[1047]: ci-info: | Route | Destination | Gateway | Interface | Flags |
[   17.530274] cloud-init[1047]: ci-info: +-------+-------------+---------+-----------+-------+
[   17.531173] cloud-init[1047]: ci-info: |   0   |  fe80::/64  |    ::   |   enp0s3  |   U   |
[   17.531780] cloud-init[1047]: ci-info: |   3   |   ff00::/8  |    ::   |   enp0s3  |   U   |
[   17.532404] cloud-init[1047]: ci-info: +-------+-------------+---------+-----------+-------+
[[0;32m  OK  [0m] Started Initial cloud-init job (metadata service crawler).
[[0;32m  OK  [0m] Reached target Network is Online.
         Starting iSCSI initiator daemon (iscsid)...
[[0;32m  OK  [0m] Reached target Cloud-config availability.
[[0;32m  OK  [0m] Reached target System Initialization.
[[0;32m  OK  [0m] Started Ubuntu Advantage update messaging.
[[0;32m  OK  [0m] Listening on UUID daemon activation socket.
[[0;32m  OK  [0m] Started Daily apt download activities.
[[0;32m  OK  [0m] Listening on ACPID Listen Socket.
         Starting LXD - unix socket.
[[0;32m  OK  [0m] Started Message of the Day.
[[0;32m  OK  [0m] Started ACPI Events Check.
[[0;32m  OK  [0m] Reached target Paths.
         Starting Socket activation for snappy daemon.
[[0;32m  OK  [0m] Listening on D-Bus System Message Bus Socket.
[[0;32m  OK  [0m] Started Daily Cleanup of Temporary Directories.
[[0;32m  OK  [0m] Started Daily apt upgrade and clean activities.
[[0;32m  OK  [0m] Reached target Timers.
[[0;32m  OK  [0m] Listening on LXD - unix socket.
[[0;32m  OK  [0m] Listening on Socket activation for snappy daemon.
[[0;32m  OK  [0m] Started iSCSI initiator daemon (iscsid).
         Starting Login to default iSCSI targets...
[[0;32m  OK  [0m] Reached target Sockets.
[[0;32m  OK  [0m] Reached target Basic System.
         Starting LSB: Record successful boot for GRUB...
[[0;32m  OK  [0m] Started Regular background program processing daemon.
[[0;32m  OK  [0m] Started FUSE filesystem for LXC.
         Starting Login Service...
         Starting LXD - container startup/shutdown...
[[0;32m  OK  [0m] Started D-Bus System Message Bus.
         Starting Snap Daemon...
[[0;32m  OK  [0m] Started Deferred execution scheduler.
         Starting /etc/rc.local Compatibility...
         Starting LSB: MD monitoring daemon...
         Starting Accounts Service...
         Starting System Logging Service...
[[0;32m  OK  [0m] Started ACPI event daemon.
         Starting Virtualbox guest utils...
         Starting OpenBSD Secure Shell server...
[[0;32m  OK  [0m] Started System Logging Service.
[[0;32m  OK  [0m] Started LXD - container startup/shutdown.
[[0;32m  OK  [0m] Started /etc/rc.local Compatibility.
[[0;32m  OK  [0m] Started OpenBSD Secure Shell server.
[[0;32m  OK  [0m] Started Login Service.
[[0;32m  OK  [0m] Started LSB: MD monitoring daemon.
[[0;32m  OK  [0m] Started Unattended Upgrades Shutdown.
         Starting Authenticate and Authorize Users to Run Privileged Tasks...
[[0;32m  OK  [0m] Started LSB: Record successful boot for GRUB.
[[0;32m  OK  [0m] Started Login to default iSCSI targets.
[[0;32m  OK  [0m] Reached target Remote File Systems (Pre).
         Mounting /vagrant...
[[0;1;31mFAILED[0m] Failed to mount /vagrant.
See 'systemctl status vagrant.mount' for details.
[[0;1;33mDEPEND[0m] Dependency failed for Remote File Systems.
         Starting LSB: automatic crash report generation...
         Starting LSB: daemon to balance interrupts for SMP systems...
         Starting LSB: Apache2 web server...
         Starting Permit User Sessions...
         Starting LSB: Set the CPU Frequency Scaling governor to "ondemand"...
[[0;32m  OK  [0m] Started Permit User Sessions.
[[0;32m  OK  [0m] Started Authenticate and Authorize Users to Run Privileged Tasks.
[[0;32m  OK  [0m] Started Accounts Service.
         Starting Hold until boot process finishes up...
         Starting Terminate Plymouth Boot Screen...
[[0;32m  OK  [0m] Started LSB: daemon to balance interrupts for SMP systems.
[[0;32m  OK  [0m] Started Hold until boot process finishes up.
[[0;32m  OK  [0m] Started Terminate Plymouth Boot Screen.
[[0;32m  OK  [0m] Started Getty on tty1.
[[0;32m  OK  [0m] Started Serial Getty on ttyS0.
[[0;32m  OK  [0m] Reached target Login Prompts.
         Starting Set console scheme...
[[0;32m  OK  [0m] Started LSB: Set the CPU Frequency Scaling governor to "ondemand".
[[0;32m  OK  [0m] Started Set console scheme.
[[0;32m  OK  [0m] Started Virtualbox guest utils.
[[0;32m  OK  [0m] Started LSB: automatic crash report generation.
[[0;32m  OK  [0m] Started Snap Daemon.
         Starting Wait until snapd is fully seeded...
[[0;32m  OK  [0m] Started Wait until snapd is fully seeded.
         Starting Apply the settings specified in cloud-config...
[   19.358141] cloud-init[1329]: Cloud-init v. 21.1-19-gbad84ad4-0ubuntu1~16.04.2 running 'modules:config' at Mon, 20 Mar 2023 13:27:46 +0000. Up 19.24 seconds.
[[0;32m  OK  [0m] Started Apply the settings specified in cloud-config.
[[0;32m  OK  [0m] Started LSB: Apache2 web server.
[[0;32m  OK  [0m] Reached target Multi-User System.
[[0;32m  OK  [0m] Reached target Graphical Interface.
         Starting Update UTMP about System Runlevel Changes...
         Starting Execute cloud user/final scripts...
[[0;32m  OK  [0m] Started Update UTMP about System Runlevel Changes.
[   20.279927] cloud-init[1404]: Cloud-init v. 21.1-19-gbad84ad4-0ubuntu1~16.04.2 running 'modules:final' at Mon, 20 Mar 2023 13:27:47 +0000. Up 20.19 seconds.
[   20.295236] cloud-init[1404]: Cloud-init v. 21.1-19-gbad84ad4-0ubuntu1~16.04.2 finished at Mon, 20 Mar 2023 13:27:47 +0000. Datasource DataSourceNoCloud [seed=/dev/sdb][dsmode=net].  Up 20.27 seconds
[[0;32m  OK  [0m] Started Execute cloud user/final scripts.
[[0;32m  OK  [0m] Reached target Cloud-init target.

Ubuntu 16.04.7 LTS ubuntu-xenial ttyS0

ubuntu-xenial login: 